0 info it worked if it ends with ok
1 verbose cli [ '/usr/bin/node', '/usr/bin/npm', 'rm', '-g', 'meteorite' ]
2 info using npm@1.4.28
3 info using node@v0.10.36
4 verbose node symlink /usr/bin/node
5 verbose lib/node_modules/meteorite unbuild
6 info preuninstall meteorite@0.9.3
7 info uninstall meteorite@0.9.3
8 verbose true,/usr/lib/node_modules,/usr/lib/node_modules unbuild meteorite@0.9.3
9 verbose /usr/bin,[object Object] binRoot
10 error Error: EACCES, unlink '/usr/bin/mrt'
10 error  { [Error: EACCES, unlink '/usr/bin/mrt'] errno: 3, code: 'EACCES', path: '/usr/bin/mrt' }
11 error Please try running this command again as root/Administrator.
12 error System Linux 3.2.0-77-generic
13 error command "/usr/bin/node" "/usr/bin/npm" "rm" "-g" "meteorite"
14 error cwd /home/isaac/code/ruffin
15 error node -v v0.10.36
16 error npm -v 1.4.28
17 error path /usr/bin/mrt
18 error code EACCES
19 error errno 3
20 error stack Error: EACCES, unlink '/usr/bin/mrt'
21 verbose exit [ 3, true ]
